<?xml version="1.0" encoding="UTF-8"?>
<!-- Generated by org.testng.reporters.JUnitXMLReporter -->
<testsuite ignored="0" hostname="LTIN703632" failures="1" tests="1" name="AssertAutomation" time="11.41" errors="0" timestamp="2026-06-17T05:34:31 GMT-07:00">
  <testcase classname="com.assetms.tests.AssetManagementTest" name="testCreateNewAssetSuccess" time="3.999">
    <failure type="org.openqa.selenium.NoSuchElementException" message="Cannot locate option with text: Electronics
For documentation on this error, please visit: https://www.selenium.dev/documentation/webdriver/troubleshooting/errors#no-such-element-exception
Build info: version: &amp;apos;4.21.0&amp;apos;, revision: &amp;apos;79ed462ef4&amp;apos;
System info: os.name: &amp;apos;Windows 11&amp;apos;, os.arch: &amp;apos;amd64&amp;apos;, os.version: &amp;apos;10.0&amp;apos;, java.version: &amp;apos;21&amp;apos;
Driver info: driver.version: unknown">
      <![CDATA[org.openqa.selenium.NoSuchElementException: Cannot locate option with text: Electronics
For documentation on this error, please visit: https://www.selenium.dev/documentation/webdriver/troubleshooting/errors#no-such-element-exception
Build info: version: '4.21.0', revision: '79ed462ef4'
System info: os.name: 'Windows 11', os.arch: 'amd64', os.version: '10.0', java.version: '21'
Driver info: driver.version: unknown
at org.openqa.selenium.support.ui.Select.selectByVisibleText(Select.java:153)
at com.assetms.pages.AssetManagementPage.fillAssetDetails(AssetManagementPage.java:46)
at com.assetms.tests.AssetManagementTest.testCreateNewAssetSuccess(AssetManagementTest.java:25)
at java.base/java.util.ArrayList.forEach(ArrayList.java:1596)
at com.intellij.rt.testng.IDEARemoteTestNG.run(IDEARemoteTestNG.java:65)
at com.intellij.rt.testng.RemoteTestNGStarter.main(RemoteTestNGStarter.java:105)
... Removed 22 stack frames]]>
    </failure>
  </testcase> <!-- testCreateNewAssetSuccess -->
</testsuite> <!-- AssertAutomation -->
