<?xml version="1.0" encoding="UTF-8"?>
<!-- Generated by org.testng.reporters.JUnitReportReporter -->
<testsuite hostname="LTIN703632" failures="0" tests="2" name="com.assetms.tests.LoginTest" time="15.482" errors="0" timestamp="2026-06-17T04:37:47 GMT-07:00" skipped="0">
  <testcase classname="com.assetms.tests.LoginTest" name="testAdminLoginSuccess" time="7.340"/>
  <testcase classname="com.assetms.tests.LoginTest" name="testLoginWithWrongPassword" time="8.142"/>
</testsuite> <!-- com.assetms.tests.LoginTest -->
